<?xml version="1.0" encoding="utf-8"?><testsuites name="pytest tests"><testsuite name="pytest" errors="0" failures="0" skipped="0" tests="13" time="2.918" timestamp="2026-03-29T14:55:53.098229+00:00" hostname="agent-env-c4a80884-206b-4514-acbc-668c8416d4c4"><testcase classname="backend.tests.test_api_endpoints.TestHealthEndpoint" name="test_health_endpoint_returns_200" time="0.230" /><testcase classname="backend.tests.test_api_endpoints.TestHealthEndpoint" name="test_health_endpoint_returns_correct_json" time="0.115" /><testcase classname="backend.tests.test_api_endpoints.TestIPLocationEndpoint" name="test_ip_location_returns_200" time="0.155" /><testcase classname="backend.tests.test_api_endpoints.TestIPLocationEndpoint" name="test_ip_location_returns_coordinates" time="0.144" /><testcase classname="backend.tests.test_api_endpoints.TestIPLocationEndpoint" name="test_ip_location_returns_city" time="0.123" /><testcase classname="backend.tests.test_api_endpoints.TestBrowseEndpoint" name="test_browse_returns_200" time="0.544" /><testcase classname="backend.tests.test_api_endpoints.TestBrowseEndpoint" name="test_browse_returns_items" time="0.251" /><testcase classname="backend.tests.test_api_endpoints.TestDiscoverEndpoint" name="test_discover_returns_200" time="0.511" /><testcase classname="backend.tests.test_api_endpoints.TestFuelPricesEndpoint" name="test_fuel_prices_returns_200" time="0.278" /><testcase classname="backend.tests.test_api_endpoints.TestFuelPricesEndpoint" name="test_fuel_prices_returns_stations" time="0.140" /><testcase classname="backend.tests.test_api_endpoints.TestParkingStatusEndpoint" name="test_parking_status_get_returns_200" time="0.146" /><testcase classname="backend.tests.test_api_endpoints.TestParkingStatusEndpoint" name="test_parking_status_post_returns_200" time="0.122" /><testcase classname="backend.tests.test_api_endpoints.TestFacilitiesEndpoint" name="test_facilities_get_returns_200" time="0.096" /></testsuite></testsuites>