<?xml version="1.0" encoding="utf-8"?><testsuites name="pytest tests"><testsuite name="pytest" errors="0" failures="0" skipped="0" tests="15" time="2.626" timestamp="2026-04-02T00:17:51.565822+00:00" hostname="agent-env-0e383796-b87b-4744-8c67-7de4c887fd92"><testcase classname="backend.tests.test_community_crash_api.TestCommunityReportsAPI" name="test_get_community_reports" time="0.151" /><testcase classname="backend.tests.test_community_crash_api.TestCommunityReportsAPI" name="test_community_report_structure" time="0.147" /><testcase classname="backend.tests.test_community_crash_api.TestCommunityReportsAPI" name="test_community_report_categories" time="0.169" /><testcase classname="backend.tests.test_community_crash_api.TestCommunityReportsAPI" name="test_post_community_report_hazard" time="0.121" /><testcase classname="backend.tests.test_community_crash_api.TestCommunityReportsAPI" name="test_post_community_report_parking" time="0.167" /><testcase classname="backend.tests.test_community_crash_api.TestCommunityReportsAPI" name="test_post_community_report_missing_fields" time="0.319" /><testcase classname="backend.tests.test_community_crash_api.TestCommunityReportsAPI" name="test_upvote_community_report" time="0.237" /><testcase classname="backend.tests.test_community_crash_api.TestCommunityReportsAPI" name="test_upvote_nonexistent_report" time="0.119" /><testcase classname="backend.tests.test_community_crash_api.TestCrashPredictionAPI" name="test_crash_prediction_with_bbox" time="0.291" /><testcase classname="backend.tests.test_community_crash_api.TestCrashPredictionAPI" name="test_crash_prediction_with_route_coords" time="0.137" /><testcase classname="backend.tests.test_community_crash_api.TestCrashPredictionAPI" name="test_crash_prediction_missing_params" time="0.116" /><testcase classname="backend.tests.test_community_crash_api.TestCrashPredictionAPI" name="test_crash_prediction_incidents_structure" time="0.140" /><testcase classname="backend.tests.test_community_crash_api.TestHealthAndExistingAPIs" name="test_health_endpoint" time="0.163" /><testcase classname="backend.tests.test_community_crash_api.TestHealthAndExistingAPIs" name="test_parking_predict_api" time="0.104" /><testcase classname="backend.tests.test_community_crash_api.TestHealthAndExistingAPIs" name="test_facility_ratings_api" time="0.129" /></testsuite></testsuites>