<?xml version="1.0" encoding="utf-8"?><testsuites name="pytest tests"><testsuite name="pytest" errors="0" failures="0" skipped="0" tests="15" time="2.315" timestamp="2026-04-02T02:30:16.327676+00:00" hostname="agent-env-0e383796-b87b-4744-8c67-7de4c887fd92"><testcase classname="backend.tests.test_community_crash_api.TestCommunityReportsAPI" name="test_get_community_reports" time="0.155" /><testcase classname="backend.tests.test_community_crash_api.TestCommunityReportsAPI" name="test_community_report_structure" time="0.117" /><testcase classname="backend.tests.test_community_crash_api.TestCommunityReportsAPI" name="test_community_report_categories" time="0.141" /><testcase classname="backend.tests.test_community_crash_api.TestCommunityReportsAPI" name="test_post_community_report_hazard" time="0.110" /><testcase classname="backend.tests.test_community_crash_api.TestCommunityReportsAPI" name="test_post_community_report_parking" time="0.102" /><testcase classname="backend.tests.test_community_crash_api.TestCommunityReportsAPI" name="test_post_community_report_missing_fields" time="0.309" /><testcase classname="backend.tests.test_community_crash_api.TestCommunityReportsAPI" name="test_upvote_community_report" time="0.219" /><testcase classname="backend.tests.test_community_crash_api.TestCommunityReportsAPI" name="test_upvote_nonexistent_report" time="0.151" /><testcase classname="backend.tests.test_community_crash_api.TestCrashPredictionAPI" name="test_crash_prediction_with_bbox" time="0.218" /><testcase classname="backend.tests.test_community_crash_api.TestCrashPredictionAPI" name="test_crash_prediction_with_route_coords" time="0.145" /><testcase classname="backend.tests.test_community_crash_api.TestCrashPredictionAPI" name="test_crash_prediction_missing_params" time="0.107" /><testcase classname="backend.tests.test_community_crash_api.TestCrashPredictionAPI" name="test_crash_prediction_incidents_structure" time="0.136" /><testcase classname="backend.tests.test_community_crash_api.TestHealthAndExistingAPIs" name="test_health_endpoint" time="0.103" /><testcase classname="backend.tests.test_community_crash_api.TestHealthAndExistingAPIs" name="test_parking_predict_api" time="0.109" /><testcase classname="backend.tests.test_community_crash_api.TestHealthAndExistingAPIs" name="test_facility_ratings_api" time="0.105" /></testsuite></testsuites>