<?xml version="1.0" encoding="utf-8"?><testsuites name="pytest tests"><testsuite name="pytest" errors="0" failures="0" skipped="0" tests="11" time="2.281" timestamp="2026-03-28T02:09:05.707376+00:00" hostname="agent-env-b8c94dd1-0c2f-4166-ba04-8ab4c3814ca1"><testcase classname="backend.tests.test_corridor_poi.TestDiscoverAPI" name="test_discover_returns_200" time="0.125" /><testcase classname="backend.tests.test_corridor_poi.TestDiscoverAPI" name="test_discover_with_radius_parameter" time="0.165" /><testcase classname="backend.tests.test_corridor_poi.TestDiscoverAPI" name="test_discover_returns_truck_stops" time="0.248" /><testcase classname="backend.tests.test_corridor_poi.TestDiscoverAPI" name="test_discover_items_have_distance" time="0.162" /><testcase classname="backend.tests.test_corridor_poi.TestBrowseAPI" name="test_browse_returns_200" time="0.279" /><testcase classname="backend.tests.test_corridor_poi.TestBrowseAPI" name="test_browse_with_truck_categories" time="0.145" /><testcase classname="backend.tests.test_corridor_poi.TestBrowseAPI" name="test_browse_items_have_position" time="0.139" /><testcase classname="backend.tests.test_corridor_poi.TestBrowseAPI" name="test_browse_items_have_categories" time="0.166" /><testcase classname="backend.tests.test_corridor_poi.TestCorridorPOILogic" name="test_corridor_sampling_multiple_points" time="0.417" /><testcase classname="backend.tests.test_corridor_poi.TestCorridorPOILogic" name="test_corridor_deduplication_logic" time="0.316" /><testcase classname="backend.tests.test_corridor_poi.TestHealthCheck" name="test_health_endpoint" time="0.002" /></testsuite></testsuites>