<?xml version="1.0" encoding="utf-8"?><testsuites name="pytest tests"><testsuite name="pytest" errors="0" failures="0" skipped="0" tests="22" time="0.252" timestamp="2026-03-26T19:00:31.085035+00:00" hostname="agent-env-5a907619-be15-44a9-8403-bc1e49ee5242"><testcase classname="tests.test_facilities.TestGetFacilities" name="test_get_facilities_returns_200" time="0.004" /><testcase classname="tests.test_facilities.TestGetFacilities" name="test_get_facilities_response_structure" time="0.002" /><testcase classname="tests.test_facilities.TestGetFacilities" name="test_get_facilities_contains_existing_facility" time="0.002" /><testcase classname="tests.test_facilities.TestGetFacilities" name="test_get_facilities_facility_has_required_fields" time="0.002" /><testcase classname="tests.test_facilities.TestGetFacilities" name="test_get_facilities_missing_lat_lon_returns_400" time="0.001" /><testcase classname="tests.test_facilities.TestGetFacilities" name="test_get_facilities_no_results_outside_radius" time="0.003" /><testcase classname="tests.test_facilities.TestGetFacilities" name="test_get_facilities_has_seeding_flag" time="0.001" /><testcase classname="tests.test_facilities.TestPostFacility" name="test_post_facility_creates_and_returns_facility" time="0.002" /><testcase classname="tests.test_facilities.TestPostFacility" name="test_post_facility_type_shipper" time="0.002" /><testcase classname="tests.test_facilities.TestPostFacility" name="test_post_facility_type_both" time="0.002" /><testcase classname="tests.test_facilities.TestPostFacility" name="test_post_facility_missing_name_returns_400" time="0.001" /><testcase classname="tests.test_facilities.TestPostFacility" name="test_post_facility_missing_lat_returns_400" time="0.001" /><testcase classname="tests.test_facilities.TestPostFacility" name="test_post_facility_persisted_in_get" time="0.004" /><testcase classname="tests.test_facilities.TestPostFacilityReport" name="test_report_on_existing_facility" time="0.002" /><testcase classname="tests.test_facilities.TestPostFacilityReport" name="test_report_updates_majority_type" time="0.004" /><testcase classname="tests.test_facilities.TestPostFacilityReport" name="test_report_increments_total_reports" time="0.003" /><testcase classname="tests.test_facilities.TestPostFacilityReport" name="test_report_invalid_facility_id_returns_404" time="0.001" /><testcase classname="tests.test_facilities.TestPostFacilityReport" name="test_report_missing_facility_id_returns_400" time="0.001" /><testcase classname="tests.test_facilities.TestPostFacilityReport" name="test_report_open_days_and_hours" time="0.002" /><testcase classname="tests.test_facilities.TestGetFacilityHours" name="test_get_hours_existing_manual_facility" time="0.001" /><testcase classname="tests.test_facilities.TestGetFacilityHours" name="test_get_hours_nonexistent_facility_returns_404" time="0.004" /><testcase classname="tests.test_facilities.TestGetFacilityHours" name="test_get_hours_response_structure" time="0.001" /></testsuite></testsuites>