<?xml version="1.0" encoding="utf-8"?><testsuites name="pytest tests"><testsuite name="pytest" errors="0" failures="0" skipped="0" tests="17" time="1.047" timestamp="2026-03-28T02:32:15.267785+00:00" hostname="agent-env-b8c94dd1-0c2f-4166-ba04-8ab4c3814ca1"><testcase classname="backend.tests.test_fuel_prices.TestHealthCheck" name="test_health_endpoint" time="0.004" /><testcase classname="backend.tests.test_fuel_prices.TestFuelPricesEndpoint" name="test_fuel_prices_returns_200" time="0.194" /><testcase classname="backend.tests.test_fuel_prices.TestFuelPricesEndpoint" name="test_fuel_prices_returns_stations_array" time="0.050" /><testcase classname="backend.tests.test_fuel_prices.TestFuelPricesEndpoint" name="test_fuel_prices_station_fields" time="0.047" /><testcase classname="backend.tests.test_fuel_prices.TestFuelPricesEndpoint" name="test_fuel_prices_has_diesel_prices" time="0.044" /><testcase classname="backend.tests.test_fuel_prices.TestFuelPricesEndpoint" name="test_fuel_prices_diesel_price_format" time="0.045" /><testcase classname="backend.tests.test_fuel_prices.TestFuelPricesEndpoint" name="test_fuel_prices_station_coordinates" time="0.046" /><testcase classname="backend.tests.test_fuel_prices.TestFuelPricesEndpoint" name="test_fuel_prices_distance_field" time="0.046" /><testcase classname="backend.tests.test_fuel_prices.TestFuelPricesEndpoint" name="test_fuel_prices_default_radius" time="0.044" /><testcase classname="backend.tests.test_fuel_prices.TestFuelPricesEndpoint" name="test_fuel_prices_custom_radius" time="0.079" /><testcase classname="backend.tests.test_fuel_prices.TestFuelPricesDieselFiltering" name="test_diesel_prices_filtered_correctly" time="0.046" /><testcase classname="backend.tests.test_fuel_prices.TestFuelPricesDieselFiltering" name="test_find_cheapest_diesel" time="0.045" /><testcase classname="backend.tests.test_fuel_prices.TestFuelPricesEdgeCases" name="test_rural_area_sparse_data" time="0.038" /><testcase classname="backend.tests.test_fuel_prices.TestFuelPricesEdgeCases" name="test_missing_lat_lon" time="0.033" /><testcase classname="backend.tests.test_fuel_prices.TestFuelPricesEdgeCases" name="test_station_additional_fields" time="0.045" /><testcase classname="backend.tests.test_fuel_prices.TestFuelPricesIntegration" name="test_fuel_prices_for_corridor_search" time="0.120" /><testcase classname="backend.tests.test_fuel_prices.TestFuelPricesIntegration" name="test_fuel_station_matching_to_poi" time="0.045" /></testsuite></testsuites>