<?xml version="1.0" encoding="utf-8"?><testsuites name="pytest tests"><testsuite name="pytest" errors="0" failures="0" skipped="0" tests="11" time="11.663" timestamp="2026-04-01T01:43:34.283161+00:00" hostname="agent-env-17f41ce5-8d61-44e5-82fc-63d1e4a77d8e"><testcase classname="backend.tests.test_navigation_intelligence.TestRouteElevationData" name="test_route_returns_200_ok" time="2.084" /><testcase classname="backend.tests.test_navigation_intelligence.TestRouteElevationData" name="test_route_returns_multiple_alternatives" time="1.858" /><testcase classname="backend.tests.test_navigation_intelligence.TestRouteElevationData" name="test_route_has_polyline_data" time="1.844" /><testcase classname="backend.tests.test_navigation_intelligence.TestRouteElevationData" name="test_route_has_turn_by_turn_actions" time="1.588" /><testcase classname="backend.tests.test_navigation_intelligence.TestRouteElevationData" name="test_route_has_spans_with_speed_limits" time="1.606" /><testcase classname="backend.tests.test_navigation_intelligence.TestRouteElevationData" name="test_route_has_tolls_data" time="1.881" /><testcase classname="backend.tests.test_navigation_intelligence.TestSearchAPI" name="test_search_returns_results" time="0.405" /><testcase classname="backend.tests.test_navigation_intelligence.TestIPLocation" name="test_ip_location_returns_coordinates" time="0.074" /><testcase classname="backend.tests.test_navigation_intelligence.TestHealthEndpoint" name="test_health_check" time="0.002" /><testcase classname="backend.tests.test_navigation_intelligence.TestFuelPricesAPI" name="test_fuel_prices_returns_stations" time="0.208" /><testcase classname="backend.tests.test_navigation_intelligence.TestFacilitiesAPI" name="test_facilities_returns_list" time="0.003" /></testsuite></testsuites>