<?xml version="1.0" encoding="utf-8"?><testsuites name="pytest tests"><testsuite name="pytest" errors="0" failures="0" skipped="0" tests="15" time="0.220" timestamp="2026-03-25T19:32:28.943366+00:00" hostname="agent-env-8f9dde6e-56e7-42c8-b5d1-c126e99dfd83"><testcase classname="tests.test_parking_status.TestGetParkingStatus" name="test_get_existing_poi_returns_correct_structure" time="0.003" /><testcase classname="tests.test_parking_status.TestGetParkingStatus" name="test_get_existing_poi_returns_valid_status_value" time="0.002" /><testcase classname="tests.test_parking_status.TestGetParkingStatus" name="test_get_second_seed_poi_returns_data" time="0.002" /><testcase classname="tests.test_parking_status.TestGetParkingStatus" name="test_get_unknown_poi_returns_null_status" time="0.002" /><testcase classname="tests.test_parking_status.TestGetParkingStatus" name="test_get_missing_poiId_returns_400" time="0.002" /><testcase classname="tests.test_parking_status.TestPostParkingStatus" name="test_post_valid_light_status" time="0.002" /><testcase classname="tests.test_parking_status.TestPostParkingStatus" name="test_post_valid_medium_status" time="0.002" /><testcase classname="tests.test_parking_status.TestPostParkingStatus" name="test_post_valid_heavy_status" time="0.002" /><testcase classname="tests.test_parking_status.TestPostParkingStatus" name="test_post_valid_maxed_status" time="0.002" /><testcase classname="tests.test_parking_status.TestPostParkingStatus" name="test_post_persists_to_get" time="0.003" /><testcase classname="tests.test_parking_status.TestPostParkingStatus" name="test_post_increments_update_count" time="0.003" /><testcase classname="tests.test_parking_status.TestPostParkingStatus" name="test_post_invalid_status_returns_400" time="0.001" /><testcase classname="tests.test_parking_status.TestPostParkingStatus" name="test_post_missing_poiId_returns_400" time="0.001" /><testcase classname="tests.test_parking_status.TestPostParkingStatus" name="test_post_missing_status_returns_400" time="0.001" /><testcase classname="tests.test_parking_status.TestPostParkingStatus" name="test_post_empty_body_returns_400" time="0.001" /></testsuite></testsuites>