<?xml version="1.0" encoding="utf-8"?><testsuites name="pytest tests"><testsuite name="pytest" errors="0" failures="0" skipped="0" tests="17" time="4.374" timestamp="2026-03-28T01:51:08.122917+00:00" hostname="agent-env-b8c94dd1-0c2f-4166-ba04-8ab4c3814ca1"><testcase classname="backend.tests.test_poi_location_accuracy.TestBrowseAPI" name="test_browse_returns_200" time="0.326" /><testcase classname="backend.tests.test_poi_location_accuracy.TestBrowseAPI" name="test_browse_returns_items_array" time="0.182" /><testcase classname="backend.tests.test_poi_location_accuracy.TestBrowseAPI" name="test_browse_returns_truck_relevant_pois" time="0.183" /><testcase classname="backend.tests.test_poi_location_accuracy.TestBrowseAPI" name="test_browse_items_have_position" time="0.168" /><testcase classname="backend.tests.test_poi_location_accuracy.TestBrowseAPI" name="test_browse_items_have_distance" time="0.175" /><testcase classname="backend.tests.test_poi_location_accuracy.TestDiscoverAPI" name="test_discover_returns_200" time="0.301" /><testcase classname="backend.tests.test_poi_location_accuracy.TestDiscoverAPI" name="test_discover_truck_stop_query" time="0.204" /><testcase classname="backend.tests.test_poi_location_accuracy.TestDiscoverAPI" name="test_discover_loves_travel_stop" time="0.225" /><testcase classname="backend.tests.test_poi_location_accuracy.TestDiscoverAPI" name="test_discover_cat_scale" time="0.194" /><testcase classname="backend.tests.test_poi_location_accuracy.TestDiscoverAPI" name="test_discover_pilot_flying_j" time="0.161" /><testcase classname="backend.tests.test_poi_location_accuracy.TestDiscoverAPI" name="test_discover_items_have_position" time="0.205" /><testcase classname="backend.tests.test_poi_location_accuracy.TestDiscoverAPI" name="test_discover_items_have_distance" time="0.202" /><testcase classname="backend.tests.test_poi_location_accuracy.TestDiscoverAPI" name="test_discover_uses_radius_restriction" time="0.520" /><testcase classname="backend.tests.test_poi_location_accuracy.TestCombinedPOIFetch" name="test_combined_poi_count" time="0.978" /><testcase classname="backend.tests.test_poi_location_accuracy.TestCombinedPOIFetch" name="test_deduplication_by_position" time="0.237" /><testcase classname="backend.tests.test_poi_location_accuracy.TestPOITypeClassification" name="test_type_classification_logic" time="0.000" /><testcase classname="backend.tests.test_poi_location_accuracy.TestHealthCheck" name="test_health_endpoint" time="0.002" /></testsuite></testsuites>