<?xml version="1.0" encoding="utf-8"?><testsuites name="pytest tests"><testsuite name="pytest" errors="0" failures="0" skipped="0" tests="13" time="0.294" timestamp="2026-03-26T19:43:18.466762+00:00" hostname="agent-env-b8c94dd1-0c2f-4166-ba04-8ab4c3814ca1"><testcase classname="backend.tests.test_reputation_scoring.TestFacilitiesReputationScore" name="test_get_facilities_returns_200" time="0.004" /><testcase classname="backend.tests.test_reputation_scoring.TestFacilitiesReputationScore" name="test_facilities_have_majority_with_reputation_score" time="0.003" /><testcase classname="backend.tests.test_reputation_scoring.TestFacilitiesReputationScore" name="test_facilities_have_majority_with_total_reports" time="0.003" /><testcase classname="backend.tests.test_reputation_scoring.TestFacilitiesReputationScore" name="test_reputation_score_zero_when_no_reports" time="0.024" /><testcase classname="backend.tests.test_reputation_scoring.TestFacilitiesReputationScore" name="test_reputation_score_positive_when_has_reports" time="0.002" /><testcase classname="backend.tests.test_reputation_scoring.TestFacilityReportReputationScore" name="test_report_returns_majority_with_reputation_score" time="0.004" /><testcase classname="backend.tests.test_reputation_scoring.TestFacilityReportReputationScore" name="test_report_updates_reputation_score" time="0.005" /><testcase classname="backend.tests.test_reputation_scoring.TestParkingStatusReputationScore" name="test_parking_status_returns_reputation_score" time="0.002" /><testcase classname="backend.tests.test_reputation_scoring.TestParkingStatusReputationScore" name="test_parking_status_light_score" time="0.002" /><testcase classname="backend.tests.test_reputation_scoring.TestParkingStatusReputationScore" name="test_parking_status_scores_mapping" time="0.014" /><testcase classname="backend.tests.test_reputation_scoring.TestParkingStatusReputationScore" name="test_parking_status_no_data_returns_zero" time="0.002" /><testcase classname="backend.tests.test_reputation_scoring.TestReputationScoreCalculation" name="test_score_calculation_with_all_positive" time="0.011" /><testcase classname="backend.tests.test_reputation_scoring.TestReputationScoreCalculation" name="test_score_calculation_with_mixed_reports" time="0.013" /></testsuite></testsuites>