<?xml version="1.0" encoding="utf-8"?><testsuites name="pytest tests"><testsuite name="pytest" errors="0" failures="0" skipped="0" tests="10" time="2.437" timestamp="2026-03-30T23:10:00.984456+00:00" hostname="agent-env-294c0318-5438-4d08-a29d-1cd82b07272a"><testcase classname="backend.tests.test_road_shield.TestRoadShieldEndpoint" name="test_health_check" time="0.169" /><testcase classname="backend.tests.test_road_shield.TestRoadShieldEndpoint" name="test_interstate_shield_returns_png" time="0.148" /><testcase classname="backend.tests.test_road_shield.TestRoadShieldEndpoint" name="test_us_highway_shield_returns_png" time="0.108" /><testcase classname="backend.tests.test_road_shield.TestRoadShieldEndpoint" name="test_state_route_shield_returns_png" time="0.101" /><testcase classname="backend.tests.test_road_shield.TestRoadShieldEndpoint" name="test_missing_label_returns_400" time="0.115" /><testcase classname="backend.tests.test_road_shield.TestRoadShieldEndpoint" name="test_missing_country_code_returns_400" time="0.121" /><testcase classname="backend.tests.test_road_shield.TestRoadShieldEndpoint" name="test_missing_both_params_returns_400" time="0.101" /><testcase classname="backend.tests.test_road_shield.TestRoadShieldEndpoint" name="test_caching_works" time="0.266" /><testcase classname="backend.tests.test_road_shield.TestRoadShieldEndpoint" name="test_different_route_levels" time="0.569" /><testcase classname="backend.tests.test_road_shield.TestRouteEndpointSpans" name="test_route_includes_route_numbers_span" time="0.617" /></testsuite></testsuites>