<?xml version="1.0" encoding="utf-8"?><testsuites name="pytest tests"><testsuite name="pytest" errors="0" failures="0" skipped="0" tests="14" time="6.587" timestamp="2026-04-01T04:42:16.550670+00:00" hostname="agent-env-b190470f-ba23-48de-9860-4329cb433c12"><testcase classname="backend.tests.test_route_api_v8.TestRouteAPIv8Parameters" name="test_health_endpoint" time="0.192" /><testcase classname="backend.tests.test_route_api_v8.TestRouteAPIv8Parameters" name="test_route_api_basic" time="0.759" /><testcase classname="backend.tests.test_route_api_v8.TestRouteAPIv8Parameters" name="test_route_api_with_new_v8_params" time="0.628" /><testcase classname="backend.tests.test_route_api_v8.TestRouteAPIv8Parameters" name="test_route_api_default_tires_count" time="0.802" /><testcase classname="backend.tests.test_route_api_v8.TestRouteAPIv8Parameters" name="test_route_api_empty_weight_calculation" time="0.521" /><testcase classname="backend.tests.test_route_api_v8.TestRouteAPIv8Parameters" name="test_route_api_with_avoid_options" time="0.794" /><testcase classname="backend.tests.test_route_api_v8.TestRouteAPIv8Parameters" name="test_route_api_with_hazmat" time="0.693" /><testcase classname="backend.tests.test_route_api_v8.TestRouteAPIv8Parameters" name="test_route_api_with_tunnel_category" time="0.724" /><testcase classname="backend.tests.test_route_api_v8.TestRouteAPIv8Parameters" name="test_route_api_missing_origin" time="0.111" /><testcase classname="backend.tests.test_route_api_v8.TestRouteAPIv8Parameters" name="test_route_api_missing_destination" time="0.140" /><testcase classname="backend.tests.test_route_api_v8.TestSearchAPI" name="test_search_api" time="0.390" /><testcase classname="backend.tests.test_route_api_v8.TestSearchAPI" name="test_geocode_api" time="0.335" /><testcase classname="backend.tests.test_route_api_v8.TestRoadShieldAPI" name="test_road_shield_interstate" time="0.286" /><testcase classname="backend.tests.test_route_api_v8.TestRoadShieldAPI" name="test_road_shield_missing_params" time="0.102" /></testsuite></testsuites>