<?xml version="1.0" encoding="utf-8"?><testsuites name="pytest tests"><testsuite name="pytest" errors="0" failures="0" skipped="0" tests="11" time="3.335" timestamp="2026-04-05T05:10:24.753496+00:00" hostname="agent-env-0e383796-b87b-4744-8c67-7de4c887fd92"><testcase classname="backend.tests.test_traffic_flow_api.TestHealthCheck" name="test_health_endpoint" time="0.122" /><testcase classname="backend.tests.test_traffic_flow_api.TestTrafficFlowAPI" name="test_traffic_flow_with_valid_bbox" time="0.246" /><testcase classname="backend.tests.test_traffic_flow_api.TestTrafficFlowAPI" name="test_traffic_flow_with_string_bbox" time="0.128" /><testcase classname="backend.tests.test_traffic_flow_api.TestTrafficFlowAPI" name="test_traffic_flow_omaha_area" time="0.176" /><testcase classname="backend.tests.test_traffic_flow_api.TestTrafficFlowAPI" name="test_traffic_flow_missing_bbox" time="0.142" /><testcase classname="backend.tests.test_traffic_flow_api.TestRouteAPI" name="test_route_calculation" time="0.882" /><testcase classname="backend.tests.test_traffic_flow_api.TestRouteAPI" name="test_route_with_alternatives" time="0.859" /><testcase classname="backend.tests.test_traffic_flow_api.TestSearchAPI" name="test_search_suggestions" time="0.242" /><testcase classname="backend.tests.test_traffic_flow_api.TestTrafficIncidentsAPI" name="test_traffic_incidents" time="0.131" /><testcase classname="backend.tests.test_traffic_flow_api.TestFuelPricesAPI" name="test_fuel_prices" time="0.234" /><testcase classname="backend.tests.test_traffic_flow_api.TestRoadShieldAPI" name="test_road_shield_interstate" time="0.106" /></testsuite></testsuites>