<?xml version="1.0" encoding="utf-8"?><testsuites name="pytest tests"><testsuite name="pytest" errors="0" failures="0" skipped="0" tests="15" time="1.892" timestamp="2026-03-31T14:57:09.000595+00:00" hostname="agent-env-17f41ce5-8d61-44e5-82fc-63d1e4a77d8e"><testcase classname="backend.tests.test_trucker_nav_api.TestHealthEndpoint" name="test_health_check" time="0.004" /><testcase classname="backend.tests.test_trucker_nav_api.TestRouteEndpoint" name="test_route_calculation_success" time="0.233" /><testcase classname="backend.tests.test_trucker_nav_api.TestRouteEndpoint" name="test_route_contains_spans_with_speed_limit" time="0.092" /><testcase classname="backend.tests.test_trucker_nav_api.TestRouteEndpoint" name="test_route_contains_spans_with_truck_attributes" time="0.100" /><testcase classname="backend.tests.test_trucker_nav_api.TestRouteEndpoint" name="test_route_contains_spans_with_notices" time="0.103" /><testcase classname="backend.tests.test_trucker_nav_api.TestRouteEndpoint" name="test_route_contains_section_notices" time="0.094" /><testcase classname="backend.tests.test_trucker_nav_api.TestRouteEndpoint" name="test_route_missing_origin" time="0.002" /><testcase classname="backend.tests.test_trucker_nav_api.TestRouteEndpoint" name="test_route_missing_destination" time="0.002" /><testcase classname="backend.tests.test_trucker_nav_api.TestSearchEndpoint" name="test_search_location" time="0.304" /><testcase classname="backend.tests.test_trucker_nav_api.TestSearchEndpoint" name="test_search_missing_query" time="0.003" /><testcase classname="backend.tests.test_trucker_nav_api.TestRoadShieldEndpoint" name="test_road_shield_image" time="0.003" /><testcase classname="backend.tests.test_trucker_nav_api.TestRoadShieldEndpoint" name="test_road_shield_missing_params" time="0.002" /><testcase classname="backend.tests.test_trucker_nav_api.TestIPLocationEndpoint" name="test_ip_location" time="0.081" /><testcase classname="backend.tests.test_trucker_nav_api.TestBrowseEndpoint" name="test_browse_pois" time="0.359" /><testcase classname="backend.tests.test_trucker_nav_api.TestGeocodeEndpoint" name="test_geocode_address" time="0.292" /></testsuite></testsuites>