<?xml version="1.0" encoding="utf-8"?><testsuites name="pytest tests"><testsuite name="pytest" errors="0" failures="0" skipped="0" tests="12" time="4.954" timestamp="2026-03-31T15:53:28.213861+00:00" hostname="agent-env-17f41ce5-8d61-44e5-82fc-63d1e4a77d8e"><testcase classname="backend.tests.test_trucker_nav_features.TestHealthEndpoint" name="test_health_returns_ok" time="0.004" /><testcase classname="backend.tests.test_trucker_nav_features.TestRouteEndpoint" name="test_route_returns_200" time="0.730" /><testcase classname="backend.tests.test_trucker_nav_features.TestRouteEndpoint" name="test_route_includes_spans_with_functional_class" time="0.493" /><testcase classname="backend.tests.test_trucker_nav_features.TestRouteEndpoint" name="test_route_includes_polyline" time="0.529" /><testcase classname="backend.tests.test_trucker_nav_features.TestRouteEndpoint" name="test_route_includes_summary" time="0.348" /><testcase classname="backend.tests.test_trucker_nav_features.TestRouteEndpoint" name="test_route_returns_alternatives" time="0.554" /><testcase classname="backend.tests.test_trucker_nav_features.TestRouteEndpoint" name="test_route_with_tolls_returns_toll_data" time="0.628" /><testcase classname="backend.tests.test_trucker_nav_features.TestRouteEndpoint" name="test_route_includes_speed_limit_in_spans" time="0.400" /><testcase classname="backend.tests.test_trucker_nav_features.TestRouteEndpoint" name="test_route_includes_route_numbers_in_spans" time="0.442" /><testcase classname="backend.tests.test_trucker_nav_features.TestSearchEndpoint" name="test_search_returns_results" time="0.317" /><testcase classname="backend.tests.test_trucker_nav_features.TestRoadShieldEndpoint" name="test_road_shield_returns_image" time="0.244" /><testcase classname="backend.tests.test_trucker_nav_features.TestIPLocationEndpoint" name="test_ip_location_returns_coordinates" time="0.066" /></testsuite></testsuites>