<?xml version="1.0" encoding="utf-8"?><testsuites name="pytest tests"><testsuite name="pytest" errors="0" failures="0" skipped="0" tests="9" time="6.130" timestamp="2026-04-01T00:51:38.097253+00:00" hostname="agent-env-17f41ce5-8d61-44e5-82fc-63d1e4a77d8e"><testcase classname="backend.tests.test_voice_guidance_api.TestHealthEndpoint" name="test_server_responds" time="0.011" /><testcase classname="backend.tests.test_voice_guidance_api.TestRouteEndpoint" name="test_route_with_truck_profile" time="2.368" /><testcase classname="backend.tests.test_voice_guidance_api.TestRouteEndpoint" name="test_route_returns_polyline" time="1.228" /><testcase classname="backend.tests.test_voice_guidance_api.TestRouteEndpoint" name="test_route_returns_summary" time="1.166" /><testcase classname="backend.tests.test_voice_guidance_api.TestRouteEndpoint" name="test_route_returns_spans_with_functional_class" time="0.963" /><testcase classname="backend.tests.test_voice_guidance_api.TestRouteEndpoint" name="test_route_missing_origin" time="0.002" /><testcase classname="backend.tests.test_voice_guidance_api.TestRouteEndpoint" name="test_route_missing_destination" time="0.007" /><testcase classname="backend.tests.test_voice_guidance_api.TestSearchEndpoint" name="test_search_location" time="0.260" /><testcase classname="backend.tests.test_voice_guidance_api.TestIPLocationEndpoint" name="test_ip_location" time="0.057" /></testsuite></testsuites>